<?xml version="1.0" encoding="UTF-8"?>
<testng-results ignored="0" total="1" passed="1" failed="0" skipped="0">
  <reporter-output>
  </reporter-output>
  <suite started-at="2026-02-24T10:28:54 IST" name="Suite" finished-at="2026-02-24T10:33:06 IST" duration-ms="252109">
    <groups>
    </groups>
    <test started-at="2026-02-24T10:28:54 IST" name="Test" finished-at="2026-02-24T10:33:06 IST" duration-ms="252109">
      <class name="com.RunnerClass.RunnerClass">
        <test-method signature="RunTest(java.lang.String,java.lang.String,java.lang.String,java.lang.String,java.lang.String,java.lang.String,java.lang.String,java.lang.String,java.lang.String,java.lang.String,java.lang.String)[pri:0, instance:com.RunnerClass.RunnerClass@77888435]" started-at="2026-02-24T10:28:55 IST" name="RunTest" finished-at="2026-02-24T10:33:06 IST" duration-ms="251880" status="PASS">
          <params>
            <param index="0">
              <value>
                <![CDATA[adhinaaa@gmail.com]]>
              </value>
            </param>
            <param index="1">
              <value>
                <![CDATA[Jade$18002]]>
              </value>
            </param>
            <param index="2">
              <value>
                <![CDATA[Adhina]]>
              </value>
            </param>
            <param index="3">
              <value>
                <![CDATA[Assir]]>
              </value>
            </param>
            <param index="4">
              <value>
                <![CDATA[adhinaassir1802@gmail.com]]>
              </value>
            </param>
            <param index="5">
              <value>
                <![CDATA[0123456789]]>
              </value>
            </param>
            <param index="6">
              <value>
                <![CDATA[NO 19 EMS, KVPT]]>
              </value>
            </param>
            <param index="7">
              <value>
                <![CDATA[Avadi]]>
              </value>
            </param>
            <param index="8">
              <value>
                <![CDATA[Chennai]]>
              </value>
            </param>
            <param index="9">
              <value>
                <![CDATA[696969]]>
              </value>
            </param>
            <param index="10">
              <value>
                <![CDATA[xxxxxxxxxxxxxxxxxxxxxxxxxxxxxxxxxxxxxxxxxxxxxxxxxxxxxxxxxxxxxxxxxxxxx]]>
              </value>
            </param>
          </params>
          <reporter-output>
          </reporter-output>
        </test-method> <!-- RunTest -->
      </class> <!-- com.RunnerClass.RunnerClass -->
    </test> <!-- Test -->
  </suite> <!-- Suite -->
</testng-results>
