<?xml version="1.0" encoding="UTF-8"?>
<!-- Generated by org.testng.reporters.JUnitReportReporter -->
<testsuite hostname="DESKTOP-C2D8QHQ" failures="0" tests="3" name="com.RunnerClass.Test1" time="0.019" errors="0" timestamp="2025-10-23T17:32:58 IST" skipped="0">
  <testcase classname="com.RunnerClass.Test1" name="orange" time="0.002"/>
  <testcase classname="com.RunnerClass.Test1" name="apple" time="0.012"/>
  <testcase classname="com.RunnerClass.Test1" name="bannana" time="0.005"/>
</testsuite> <!-- com.RunnerClass.Test1 -->
